2023-12-26 09:32:43.720 [main] INFO  com.example.cat.CatphotoApplication - Starting CatphotoApplication using Java 17.0.6 with PID 11220 (C:\Users\USER_20211214\Desktop\cat\cat\build\classes\java\main started by song in C:\Users\USER_20211214\Desktop\cat)
2023-12-26 09:32:43.722 [main] INFO  com.example.cat.CatphotoApplication - No active profile set, falling back to 1 default profile: "default"
2023-12-26 09:32:44.181 [main] INFO  o.s.d.r.c.RepositoryConfigurationDelegate - Multiple Spring Data modules found, entering strict repository configuration mode
2023-12-26 09:32:44.182 [main] INFO  o.s.d.r.c.RepositoryConfigurationDelegate - Bootstrapping Spring Data JDBC repositories in DEFAULT mode.
2023-12-26 09:32:44.196 [main] INFO  o.s.d.r.c.RepositoryConfigurationDelegate - Finished Spring Data repository scanning in 11 ms. Found 0 JDBC repository interfaces.
2023-12-26 09:32:44.213 [main] INFO  o.s.d.r.c.RepositoryConfigurationDelegate - Multiple Spring Data modules found, entering strict repository configuration mode
2023-12-26 09:32:44.214 [main] INFO  o.s.d.r.c.RepositoryConfigurationDelegate - Bootstrapping Spring Data JPA repositories in DEFAULT mode.
2023-12-26 09:32:44.218 [main] INFO  o.s.d.r.c.RepositoryConfigurationDelegate - Finished Spring Data repository scanning in 1 ms. Found 0 JPA repository interfaces.
2023-12-26 09:32:44.629 [main] INFO  o.s.b.w.e.tomcat.TomcatWebServer - Tomcat initialized with port(s): 8080 (http)
2023-12-26 09:32:44.634 [main] INFO  o.a.coyote.http11.Http11NioProtocol - Initializing ProtocolHandler ["http-nio-8080"]
2023-12-26 09:32:44.636 [main] INFO  o.a.catalina.core.StandardService - Starting service [Tomcat]
2023-12-26 09:32:44.636 [main] INFO  o.a.catalina.core.StandardEngine - Starting Servlet engine: [Apache Tomcat/10.1.15]
2023-12-26 09:32:44.709 [main] INFO  o.a.c.c.C.[Tomcat].[localhost].[/] - Initializing Spring embedded WebApplicationContext
2023-12-26 09:32:44.710 [main] INFO  o.s.b.w.s.c.ServletWebServerApplicationContext - Root WebApplicationContext: initialization completed in 957 ms
2023-12-26 09:32:44.796 [main] INFO  com.zaxxer.hikari.HikariDataSource - HikariPool-1 - Starting...
2023-12-26 09:32:44.930 [main] INFO  com.zaxxer.hikari.pool.HikariPool - HikariPool-1 - Added connection conn0: url=jdbc:h2:mem:94c0b688-3839-48ac-99e8-2d38f8985c16 user=SA
2023-12-26 09:32:44.931 [main] INFO  com.zaxxer.hikari.HikariDataSource - HikariPool-1 - Start completed.
2023-12-26 09:32:44.964 [main] INFO  o.h.jpa.internal.util.LogHelper - HHH000204: Processing PersistenceUnitInfo [name: default]
2023-12-26 09:32:45.002 [main] INFO  org.hibernate.Version - HHH000412: Hibernate ORM core version 6.2.13.Final
2023-12-26 09:32:45.004 [main] INFO  org.hibernate.cfg.Environment - HHH000406: Using bytecode reflection optimizer
2023-12-26 09:32:45.201 [main] INFO  o.s.o.j.p.SpringPersistenceUnitInfo - No LoadTimeWeaver setup: ignoring JPA class transformer
2023-12-26 09:32:45.443 [main] INFO  o.h.e.t.j.p.i.JtaPlatformInitiator - HHH000489: No JTA platform available (set 'hibernate.transaction.jta.platform' to enable JTA platform integration)
2023-12-26 09:32:45.446 [main] INFO  o.s.o.j.LocalContainerEntityManagerFactoryBean - Initialized JPA EntityManagerFactory for persistence unit 'default'
2023-12-26 09:32:45.625 [main] WARN  o.s.b.a.o.j.JpaBaseConfiguration$JpaWebConfiguration - spring.jpa.open-in-view is enabled by default. Therefore, database queries may be performed during view rendering. Explicitly configure spring.jpa.open-in-view to disable this warning
2023-12-26 09:32:45.883 [main] INFO  o.a.coyote.http11.Http11NioProtocol - Starting ProtocolHandler ["http-nio-8080"]
2023-12-26 09:32:45.898 [main] INFO  o.s.b.w.e.tomcat.TomcatWebServer - Tomcat started on port(s): 8080 (http) with context path ''
2023-12-26 09:32:45.905 [main] INFO  com.example.cat.CatphotoApplication - Started CatphotoApplication in 2.617 seconds (process running for 3.053)
2023-12-26 09:34:01.628 [http-nio-8080-exec-2] INFO  o.a.c.c.C.[Tomcat].[localhost].[/] - Initializing Spring DispatcherServlet 'dispatcherServlet'
2023-12-26 09:34:01.629 [http-nio-8080-exec-2] INFO  o.s.web.servlet.DispatcherServlet - Initializing Servlet 'dispatcherServlet'
2023-12-26 09:34:01.630 [http-nio-8080-exec-2] INFO  o.s.web.servlet.DispatcherServlet - Completed initialization in 1 ms
2023-12-26 09:34:03.230 [http-nio-8080-exec-2] INFO  c.e.cat.controller.CatController - catImages : [CatImage(id=2vl, url=https://cdn2.thecatapi.com/images/2vl.jpg, width=2816, height=2112), CatImage(id=b8g, url=https://cdn2.thecatapi.com/images/b8g.jpg, width=500, height=334), CatImage(id=MTgzNTU1MQ, url=https://cdn2.thecatapi.com/images/MTgzNTU1MQ.jpg, width=612, height=612)]
2023-12-26 09:34:47.489 [SpringApplicationShutdownHook] INFO  o.s.o.j.LocalContainerEntityManagerFactoryBean - Closing JPA EntityManagerFactory for persistence unit 'default'
2023-12-26 09:34:47.490 [SpringApplicationShutdownHook] INFO  com.zaxxer.hikari.HikariDataSource - HikariPool-1 - Shutdown initiated...
2023-12-26 09:34:47.492 [SpringApplicationShutdownHook] INFO  com.zaxxer.hikari.HikariDataSource - HikariPool-1 - Shutdown completed.
2023-12-26 09:34:50.827 [main] INFO  com.example.cat.CatphotoApplication - Starting CatphotoApplication using Java 17.0.6 with PID 13992 (C:\Users\USER_20211214\Desktop\cat\cat\build\classes\java\main started by song in C:\Users\USER_20211214\Desktop\cat)
2023-12-26 09:34:50.829 [main] INFO  com.example.cat.CatphotoApplication - No active profile set, falling back to 1 default profile: "default"
2023-12-26 09:34:51.262 [main] INFO  o.s.d.r.c.RepositoryConfigurationDelegate - Multiple Spring Data modules found, entering strict repository configuration mode
2023-12-26 09:34:51.263 [main] INFO  o.s.d.r.c.RepositoryConfigurationDelegate - Bootstrapping Spring Data JDBC repositories in DEFAULT mode.
2023-12-26 09:34:51.276 [main] INFO  o.s.d.r.c.RepositoryConfigurationDelegate - Finished Spring Data repository scanning in 10 ms. Found 0 JDBC repository interfaces.
2023-12-26 09:34:51.283 [main] INFO  o.s.d.r.c.RepositoryConfigurationDelegate - Multiple Spring Data modules found, entering strict repository configuration mode
2023-12-26 09:34:51.284 [main] INFO  o.s.d.r.c.RepositoryConfigurationDelegate - Bootstrapping Spring Data JPA repositories in DEFAULT mode.
2023-12-26 09:34:51.288 [main] INFO  o.s.d.r.c.RepositoryConfigurationDelegate - Finished Spring Data repository scanning in 1 ms. Found 0 JPA repository interfaces.
2023-12-26 09:34:51.692 [main] INFO  o.s.b.w.e.tomcat.TomcatWebServer - Tomcat initialized with port(s): 8080 (http)
2023-12-26 09:34:51.697 [main] INFO  o.a.coyote.http11.Http11NioProtocol - Initializing ProtocolHandler ["http-nio-8080"]
2023-12-26 09:34:51.698 [main] INFO  o.a.catalina.core.StandardService - Starting service [Tomcat]
2023-12-26 09:34:51.698 [main] INFO  o.a.catalina.core.StandardEngine - Starting Servlet engine: [Apache Tomcat/10.1.15]
2023-12-26 09:34:51.765 [main] INFO  o.a.c.c.C.[Tomcat].[localhost].[/] - Initializing Spring embedded WebApplicationContext
2023-12-26 09:34:51.765 [main] INFO  o.s.b.w.s.c.ServletWebServerApplicationContext - Root WebApplicationContext: initialization completed in 907 ms
2023-12-26 09:34:51.848 [main] INFO  com.zaxxer.hikari.HikariDataSource - HikariPool-1 - Starting...
2023-12-26 09:34:51.978 [main] INFO  com.zaxxer.hikari.pool.HikariPool - HikariPool-1 - Added connection conn0: url=jdbc:h2:mem:61ea653a-9f1e-4001-9d8b-f9eb04cdc802 user=SA
2023-12-26 09:34:51.980 [main] INFO  com.zaxxer.hikari.HikariDataSource - HikariPool-1 - Start completed.
2023-12-26 09:34:52.014 [main] INFO  o.h.jpa.internal.util.LogHelper - HHH000204: Processing PersistenceUnitInfo [name: default]
2023-12-26 09:34:52.051 [main] INFO  org.hibernate.Version - HHH000412: Hibernate ORM core version 6.2.13.Final
2023-12-26 09:34:52.053 [main] INFO  org.hibernate.cfg.Environment - HHH000406: Using bytecode reflection optimizer
2023-12-26 09:34:52.250 [main] INFO  o.s.o.j.p.SpringPersistenceUnitInfo - No LoadTimeWeaver setup: ignoring JPA class transformer
2023-12-26 09:34:52.485 [main] INFO  o.h.e.t.j.p.i.JtaPlatformInitiator - HHH000489: No JTA platform available (set 'hibernate.transaction.jta.platform' to enable JTA platform integration)
2023-12-26 09:34:52.488 [main] INFO  o.s.o.j.LocalContainerEntityManagerFactoryBean - Initialized JPA EntityManagerFactory for persistence unit 'default'
2023-12-26 09:34:52.662 [main] WARN  o.s.b.a.o.j.JpaBaseConfiguration$JpaWebConfiguration - spring.jpa.open-in-view is enabled by default. Therefore, database queries may be performed during view rendering. Explicitly configure spring.jpa.open-in-view to disable this warning
2023-12-26 09:34:52.925 [main] INFO  o.a.coyote.http11.Http11NioProtocol - Starting ProtocolHandler ["http-nio-8080"]
2023-12-26 09:34:52.938 [main] INFO  o.s.b.w.e.tomcat.TomcatWebServer - Tomcat started on port(s): 8080 (http) with context path ''
2023-12-26 09:34:52.945 [main] INFO  com.example.cat.CatphotoApplication - Started CatphotoApplication in 2.486 seconds (process running for 2.906)
2023-12-26 09:35:07.117 [http-nio-8080-exec-2] INFO  o.a.c.c.C.[Tomcat].[localhost].[/] - Initializing Spring DispatcherServlet 'dispatcherServlet'
2023-12-26 09:35:07.117 [http-nio-8080-exec-2] INFO  o.s.web.servlet.DispatcherServlet - Initializing Servlet 'dispatcherServlet'
2023-12-26 09:35:07.118 [http-nio-8080-exec-2] INFO  o.s.web.servlet.DispatcherServlet - Completed initialization in 1 ms
2023-12-26 09:35:08.471 [http-nio-8080-exec-2] INFO  c.e.cat.controller.CatController - catImages : [CatImage(id=47n, url=https://cdn2.thecatapi.com/images/47n.jpg, width=500, height=331), CatImage(id=dpq, url=https://cdn2.thecatapi.com/images/dpq.jpg, width=600, height=804), CatImage(id=MTc4NDUzMg, url=https://cdn2.thecatapi.com/images/MTc4NDUzMg.jpg, width=1536, height=729)]
2023-12-26 09:35:42.199 [SpringApplicationShutdownHook] INFO  o.s.o.j.LocalContainerEntityManagerFactoryBean - Closing JPA EntityManagerFactory for persistence unit 'default'
2023-12-26 09:35:42.201 [SpringApplicationShutdownHook] INFO  com.zaxxer.hikari.HikariDataSource - HikariPool-1 - Shutdown initiated...
2023-12-26 09:35:42.202 [SpringApplicationShutdownHook] INFO  com.zaxxer.hikari.HikariDataSource - HikariPool-1 - Shutdown completed.
2023-12-26 09:35:45.398 [main] INFO  com.example.cat.CatphotoApplication - Starting CatphotoApplication using Java 17.0.6 with PID 8444 (C:\Users\USER_20211214\Desktop\cat\cat\build\classes\java\main started by song in C:\Users\USER_20211214\Desktop\cat)
2023-12-26 09:35:45.399 [main] INFO  com.example.cat.CatphotoApplication - No active profile set, falling back to 1 default profile: "default"
2023-12-26 09:35:45.843 [main] INFO  o.s.d.r.c.RepositoryConfigurationDelegate - Multiple Spring Data modules found, entering strict repository configuration mode
2023-12-26 09:35:45.844 [main] INFO  o.s.d.r.c.RepositoryConfigurationDelegate - Bootstrapping Spring Data JDBC repositories in DEFAULT mode.
2023-12-26 09:35:45.858 [main] INFO  o.s.d.r.c.RepositoryConfigurationDelegate - Finished Spring Data repository scanning in 11 ms. Found 0 JDBC repository interfaces.
2023-12-26 09:35:45.866 [main] INFO  o.s.d.r.c.RepositoryConfigurationDelegate - Multiple Spring Data modules found, entering strict repository configuration mode
2023-12-26 09:35:45.866 [main] INFO  o.s.d.r.c.RepositoryConfigurationDelegate - Bootstrapping Spring Data JPA repositories in DEFAULT mode.
2023-12-26 09:35:45.871 [main] INFO  o.s.d.r.c.RepositoryConfigurationDelegate - Finished Spring Data repository scanning in 2 ms. Found 0 JPA repository interfaces.
2023-12-26 09:35:46.290 [main] INFO  o.s.b.w.e.tomcat.TomcatWebServer - Tomcat initialized with port(s): 8080 (http)
2023-12-26 09:35:46.296 [main] INFO  o.a.coyote.http11.Http11NioProtocol - Initializing ProtocolHandler ["http-nio-8080"]
2023-12-26 09:35:46.297 [main] INFO  o.a.catalina.core.StandardService - Starting service [Tomcat]
2023-12-26 09:35:46.297 [main] INFO  o.a.catalina.core.StandardEngine - Starting Servlet engine: [Apache Tomcat/10.1.15]
2023-12-26 09:35:46.372 [main] INFO  o.a.c.c.C.[Tomcat].[localhost].[/] - Initializing Spring embedded WebApplicationContext
2023-12-26 09:35:46.373 [main] INFO  o.s.b.w.s.c.ServletWebServerApplicationContext - Root WebApplicationContext: initialization completed in 946 ms
2023-12-26 09:35:46.458 [main] INFO  com.zaxxer.hikari.HikariDataSource - HikariPool-1 - Starting...
2023-12-26 09:35:46.588 [main] INFO  com.zaxxer.hikari.pool.HikariPool - HikariPool-1 - Added connection conn0: url=jdbc:h2:mem:1d872187-d4fd-4a61-8125-8b2ff407edbc user=SA
2023-12-26 09:35:46.589 [main] INFO  com.zaxxer.hikari.HikariDataSource - HikariPool-1 - Start completed.
2023-12-26 09:35:46.623 [main] INFO  o.h.jpa.internal.util.LogHelper - HHH000204: Processing PersistenceUnitInfo [name: default]
2023-12-26 09:35:46.661 [main] INFO  org.hibernate.Version - HHH000412: Hibernate ORM core version 6.2.13.Final
2023-12-26 09:35:46.662 [main] INFO  org.hibernate.cfg.Environment - HHH000406: Using bytecode reflection optimizer
2023-12-26 09:35:46.870 [main] INFO  o.s.o.j.p.SpringPersistenceUnitInfo - No LoadTimeWeaver setup: ignoring JPA class transformer
2023-12-26 09:35:47.131 [main] INFO  o.h.e.t.j.p.i.JtaPlatformInitiator - HHH000489: No JTA platform available (set 'hibernate.transaction.jta.platform' to enable JTA platform integration)
2023-12-26 09:35:47.137 [main] INFO  o.s.o.j.LocalContainerEntityManagerFactoryBean - Initialized JPA EntityManagerFactory for persistence unit 'default'
2023-12-26 09:35:47.353 [main] WARN  o.s.b.a.o.j.JpaBaseConfiguration$JpaWebConfiguration - spring.jpa.open-in-view is enabled by default. Therefore, database queries may be performed during view rendering. Explicitly configure spring.jpa.open-in-view to disable this warning
2023-12-26 09:35:47.644 [main] INFO  o.a.coyote.http11.Http11NioProtocol - Starting ProtocolHandler ["http-nio-8080"]
2023-12-26 09:35:47.658 [main] INFO  o.s.b.w.e.tomcat.TomcatWebServer - Tomcat started on port(s): 8080 (http) with context path ''
2023-12-26 09:35:47.665 [main] INFO  com.example.cat.CatphotoApplication - Started CatphotoApplication in 2.624 seconds (process running for 3.025)
2023-12-26 09:35:49.457 [http-nio-8080-exec-2] INFO  o.a.c.c.C.[Tomcat].[localhost].[/] - Initializing Spring DispatcherServlet 'dispatcherServlet'
2023-12-26 09:35:49.457 [http-nio-8080-exec-2] INFO  o.s.web.servlet.DispatcherServlet - Initializing Servlet 'dispatcherServlet'
2023-12-26 09:35:49.458 [http-nio-8080-exec-2] INFO  o.s.web.servlet.DispatcherServlet - Completed initialization in 1 ms
2023-12-26 09:35:50.492 [http-nio-8080-exec-2] INFO  c.e.cat.controller.CatController - catImages : [CatImage(id=47n, url=https://cdn2.thecatapi.com/images/47n.jpg, width=500, height=331)]
2023-12-26 09:35:56.494 [http-nio-8080-exec-3] INFO  c.e.cat.controller.CatController - catImages : [CatImage(id=Oaoo1ky3A, url=https://cdn2.thecatapi.com/images/Oaoo1ky3A.jpg, width=3878, height=2771)]
2023-12-26 09:36:39.321 [http-nio-8080-exec-4] INFO  c.e.cat.controller.CatController - catImages : [CatImage(id=uvyjW5KIG, url=https://cdn2.thecatapi.com/images/uvyjW5KIG.jpg, width=3008, height=2000)]
2023-12-26 10:25:12.282 [SpringApplicationShutdownHook] INFO  o.s.o.j.LocalContainerEntityManagerFactoryBean - Closing JPA EntityManagerFactory for persistence unit 'default'
2023-12-26 10:25:12.288 [SpringApplicationShutdownHook] INFO  com.zaxxer.hikari.HikariDataSource - HikariPool-1 - Shutdown initiated...
2023-12-26 10:25:12.290 [SpringApplicationShutdownHook] INFO  com.zaxxer.hikari.HikariDataSource - HikariPool-1 - Shutdown completed.
